0 info it worked if it ends with ok
1 verbose cli [ '/usr/bin/node', '/usr/bin/npm', '--save', 'install', 'lodash' ]
2 info using npm@1.4.28
3 info using node@v0.10.33
4 verbose node symlink /usr/bin/node
5 verbose readDependencies using package.json deps
6 verbose cache add [ 'lodash', null ]
7 verbose cache add name=undefined spec="lodash" args=["lodash",null]
8 verbose parsed url { protocol: null,
8 verbose parsed url   slashes: null,
8 verbose parsed url   auth: null,
8 verbose parsed url   host: null,
8 verbose parsed url   port: null,
8 verbose parsed url   hostname: null,
8 verbose parsed url   hash: null,
8 verbose parsed url   search: null,
8 verbose parsed url   query: null,
8 verbose parsed url   pathname: 'lodash',
8 verbose parsed url   path: 'lodash',
8 verbose parsed url   href: 'lodash' }
9 silly lockFile 901466a5-lodash lodash
10 verbose lock lodash /home/users/jg2636/.npm/901466a5-lodash.lock
11 silly lockFile 901466a5-lodash lodash
12 silly lockFile 901466a5-lodash lodash
13 verbose addNamed [ 'lodash', '' ]
14 verbose addNamed [ null, '*' ]
15 silly lockFile f856e425-lodash lodash@
16 verbose lock lodash@ /home/users/jg2636/.npm/f856e425-lodash.lock
17 silly addNameRange { name: 'lodash', range: '*', hasData: false }
18 verbose request where is /lodash
19 verbose request registry https://registry.npmjs.org/
20 verbose request id 64c31183ee783ee0
21 verbose url raw /lodash
22 verbose url resolving [ 'https://registry.npmjs.org/', './lodash' ]
23 verbose url resolved https://registry.npmjs.org/lodash
24 verbose request where is https://registry.npmjs.org/lodash
25 info trying registry request attempt 1 at 19:18:10
26 verbose etag "4SFFQ49GQS2ZP8UP8RWL4JM9I"
27 http GET https://registry.npmjs.org/lodash
28 http 304 https://registry.npmjs.org/lodash
29 silly registry.get cb [ 304,
29 silly registry.get   { date: 'Thu, 05 Mar 2015 19:18:12 GMT',
29 silly registry.get     server: 'Apache',
29 silly registry.get     via: '1.1 varnish',
29 silly registry.get     'last-modified': 'Thu, 05 Mar 2015 19:17:54 GMT',
29 silly registry.get     'cache-control': 'max-age=60',
29 silly registry.get     etag: '"4SFFQ49GQS2ZP8UP8RWL4JM9I"',
29 silly registry.get     age: '27',
29 silly registry.get     'x-served-by': 'cache-atl6228-ATL',
29 silly registry.get     'x-cache': 'HIT',
29 silly registry.get     'x-cache-hits': '4',
29 silly registry.get     'x-timer': 'S1425583092.179728,VS0,VE0',
29 silly registry.get     vary: 'Accept',
29 silly registry.get     'content-length': '0',
29 silly registry.get     'keep-alive': 'timeout=10, max=50',
29 silly registry.get     connection: 'Keep-Alive' } ]
30 verbose etag https://registry.npmjs.org/lodash from cache
31 silly addNameRange number 2 { name: 'lodash', range: '*', hasData: true }
32 silly addNameRange versions [ 'lodash',
32 silly addNameRange   [ '0.1.0',
32 silly addNameRange     '0.2.0',
32 silly addNameRange     '0.2.1',
32 silly addNameRange     '0.2.2',
32 silly addNameRange     '0.3.0',
32 silly addNameRange     '0.3.1',
32 silly addNameRange     '0.3.2',
32 silly addNameRange     '0.4.0',
32 silly addNameRange     '0.4.1',
32 silly addNameRange     '0.4.2',
32 silly addNameRange     '0.5.0-rc.1',
32 silly addNameRange     '0.5.0',
32 silly addNameRange     '0.5.1',
32 silly addNameRange     '0.5.2',
32 silly addNameRange     '0.6.0',
32 silly addNameRange     '0.6.1',
32 silly addNameRange     '0.7.0',
32 silly addNameRange     '0.8.0',
32 silly addNameRange     '0.8.1',
32 silly addNameRange     '0.8.2',
32 silly addNameRange     '0.9.0',
32 silly addNameRange     '0.9.1',
32 silly addNameRange     '0.9.2',
32 silly addNameRange     '0.10.0',
32 silly addNameRange     '1.0.0-rc.1',
32 silly addNameRange     '1.0.0-rc.2',
32 silly addNameRange     '1.0.0-rc.3',
32 silly addNameRange     '1.0.0',
32 silly addNameRange     '1.0.1',
32 silly addNameRange     '1.1.0',
32 silly addNameRange     '1.1.1',
32 silly addNameRange     '1.2.0',
32 silly addNameRange     '1.2.1',
32 silly addNameRange     '1.3.0',
32 silly addNameRange     '1.3.1',
32 silly addNameRange     '2.0.0',
32 silly addNameRange     '2.1.0',
32 silly addNameRange     '2.2.0',
32 silly addNameRange     '2.2.1',
32 silly addNameRange     '2.3.0',
32 silly addNameRange     '2.4.0',
32 silly addNameRange     '2.4.1',
32 silly addNameRange     '3.0.0',
32 silly addNameRange     '3.0.1',
32 silly addNameRange     '3.1.0',
32 silly addNameRange     '3.2.0',
32 silly addNameRange     '3.3.0',
32 silly addNameRange     '3.3.1' ] ]
33 verbose addNamed [ 'lodash', '3.3.1' ]
34 verbose addNamed [ '3.3.1', '3.3.1' ]
35 silly lockFile df186d14-lodash-3-3-1 lodash@3.3.1
36 verbose lock lodash@3.3.1 /home/users/jg2636/.npm/df186d14-lodash-3-3-1.lock
37 silly lockFile aa1d6b40-pmjs-org-lodash-lodash-3-3-1-tgz https://registry.npmjs.org/lodash/-/lodash-3.3.1.tgz
38 verbose lock https://registry.npmjs.org/lodash/-/lodash-3.3.1.tgz /home/users/jg2636/.npm/aa1d6b40-pmjs-org-lodash-lodash-3-3-1-tgz.lock
39 verbose addRemoteTarball [ 'https://registry.npmjs.org/lodash/-/lodash-3.3.1.tgz',
39 verbose addRemoteTarball   '3b914d4a1bb27efcee076e0dfa58152018e2042e' ]
40 info retry fetch attempt 1 at 19:18:10
41 verbose fetch to= /tmp/npm-440-4xUbidX6/registry.npmjs.org/lodash/-/lodash-3.3.1.tgz
42 http GET https://registry.npmjs.org/lodash/-/lodash-3.3.1.tgz
43 http 200 https://registry.npmjs.org/lodash/-/lodash-3.3.1.tgz
44 silly lockFile aa1d6b40-pmjs-org-lodash-lodash-3-3-1-tgz https://registry.npmjs.org/lodash/-/lodash-3.3.1.tgz
45 silly lockFile aa1d6b40-pmjs-org-lodash-lodash-3-3-1-tgz https://registry.npmjs.org/lodash/-/lodash-3.3.1.tgz
46 silly lockFile df186d14-lodash-3-3-1 lodash@3.3.1
47 silly lockFile df186d14-lodash-3-3-1 lodash@3.3.1
48 silly lockFile f856e425-lodash lodash@
49 silly lockFile f856e425-lodash lodash@
50 error Error: EACCES, mkdir '/home/users/jg2636/.npm/lodash/3.3.1'
50 error  { [Error: EACCES, mkdir '/home/users/jg2636/.npm/lodash/3.3.1']
50 error   errno: 3,
50 error   code: 'EACCES',
50 error   path: '/home/users/jg2636/.npm/lodash/3.3.1',
50 error   parent: 'dgeflows' }
51 error Please try running this command again as root/Administrator.
52 error System Linux 3.13.0-40-generic
53 error command "/usr/bin/node" "/usr/bin/npm" "--save" "install" "lodash"
54 error cwd /home/users/jg2636/nodered/dgeflows
55 error node -v v0.10.33
56 error npm -v 1.4.28
57 error path /home/users/jg2636/.npm/lodash/3.3.1
58 error code EACCES
59 error errno 3
60 error stack Error: EACCES, mkdir '/home/users/jg2636/.npm/lodash/3.3.1'
61 verbose exit [ 3, true ]
